<?xml version="1.0" encoding="UTF-8"?>
<!-- Generated by org.testng.reporters.JUnitReportReporter -->
<testsuite hostname="sanjoy-PC" name="SeleniumTest" tests="1" failures="0" timestamp="24 Sep 2013 05:46:00 GMT" time="12.776" errors="0">
  <testcase name="test" time="12.776" classname="SeleniumTest"/>
</testsuite> <!-- SeleniumTest -->
